SF:/home/dfar/advent-of-code/Day01/Day01/ExpenseReportReader.cs
FN:8,System.Collections.Generic.IList`1<System.String> Day01.ExpenseReportReader::ReadExpenseReport(System.String)
FNDA:1,System.Collections.Generic.IList`1<System.String> Day01.ExpenseReportReader::ReadExpenseReport(System.String)
DA:9,1
DA:10,1
DA:11,1
DA:12,1
LF:4
LH:4
BRF:0
BRH:0
FNF:1
FNH:1
end_of_record
SF:/home/dfar/advent-of-code/Day01/Day01/Program.cs
FN:7,System.Void Day01.Program::Main(System.String[])
FNDA:0,System.Void Day01.Program::Main(System.String[])
DA:8,0
DA:9,0
DA:10,0
LF:3
LH:0
BRF:0
BRH:0
FNF:1
FNH:0
end_of_record